

times in msec
 clock   self+sourced   self:  sourced script
 clock   elapsed:              other lines

000.006  000.006: --- VIM STARTING ---
000.115  000.109: Allocated generic buffers
000.546  000.431: locale set
000.550  000.004: clipboard setup
000.555  000.005: window checked
001.298  000.743: inits 1
001.307  000.009: parsing arguments
001.308  000.001: expanding arguments
004.663  003.355: shell init
005.002  000.339: Termcap init
005.017  000.015: inits 2
005.155  000.138: init highlight
006.651  000.780  000.780: sourcing /usr/local/share/vim/vim82/syntax/syncolor.vim
006.783  001.028  000.248: sourcing /usr/local/share/vim/vim82/syntax/synload.vim
012.752  005.854  005.854: sourcing /usr/local/share/vim/vim82/filetype.vim
012.805  007.188  000.306: sourcing /usr/local/share/vim/vim82/syntax/syntax.vim
014.516  001.392  001.392: sourcing /usr/local/share/vim/vim82/ftoff.vim
016.008  001.339  001.339: sourcing /Users/xuwei/.vim/autoload/plug.vim
022.593  000.020  000.020: sourcing /usr/local/share/vim/vim82/ftoff.vim
023.518  000.040  000.040: sourcing /Users/xuwei/.vim/bundle/vim-markdown/ftdetect/markdown.vim
032.045  000.025  000.025: sourcing /Users/xuwei/.vim/bundle/ultisnips/ftdetect/snippets.vim
032.238  000.023  000.023: sourcing /Users/xuwei/.vim/bundle/vim-js/ftdetect/javascript.vim
032.387  000.016  000.016: sourcing /Users/xuwei/.vim/bundle/vim-es6/ftdetect/es6.vim
032.675  000.014  000.014: sourcing /Users/xuwei/.vim/bundle/vim-fugitive/ftdetect/fugitive.vim
033.009  000.018  000.018: sourcing /Users/xuwei/.vim/bundle/typescript-vim/ftdetect/typescript.vim
033.253  000.058  000.058: sourcing /Users/xuwei/.vim/bundle/Vim-Jinja2-Syntax/ftdetect/jinja.vim
033.423  000.012  000.012: sourcing /Users/xuwei/.vim/bundle/vim-javascript/ftdetect/flow.vim
033.507  000.033  000.033: sourcing /Users/xuwei/.vim/bundle/vim-javascript/ftdetect/javascript.vim
033.768  007.619  007.420: sourcing /usr/local/share/vim/vim82/filetype.vim
034.477  000.048  000.048: sourcing /usr/local/share/vim/vim82/ftplugin.vim
035.150  000.038  000.038: sourcing /usr/local/share/vim/vim82/indent.vim
035.825  000.419  000.419: sourcing /usr/local/Cellar/vim/8.2.0250/share/vim/vim82/syntax/nosyntax.vim
037.160  000.162  000.162: sourcing /usr/local/share/vim/vim82/syntax/syncolor.vim
037.341  000.934  000.772: sourcing /usr/local/share/vim/vim82/syntax/synload.vim
037.371  002.052  000.699: sourcing /usr/local/share/vim/vim82/syntax/syntax.vim
038.300  000.250  000.250: sourcing /Users/xuwei/.vim/bundle/vim-expand-region/autoload/expand_region.vim
038.728  025.811  013.013: sourcing /Users/xuwei/.vimrc.bundles
039.286  000.014  000.014: sourcing /usr/local/share/vim/vim82/filetype.vim
039.894  000.011  000.011: sourcing /usr/local/share/vim/vim82/ftplugin.vim
040.491  000.011  000.011: sourcing /usr/local/share/vim/vim82/indent.vim
041.200  000.021  000.021: sourcing /usr/local/share/vim/vim82/filetype.vim
041.820  000.013  000.013: sourcing /usr/local/share/vim/vim82/filetype.vim
042.408  000.012  000.012: sourcing /usr/local/share/vim/vim82/indent.vim
042.997  000.011  000.011: sourcing /usr/local/share/vim/vim82/filetype.vim
043.589  000.011  000.011: sourcing /usr/local/share/vim/vim82/ftplugin.vim
044.182  000.012  000.012: sourcing /usr/local/share/vim/vim82/filetype.vim
044.767  000.011  000.011: sourcing /usr/local/share/vim/vim82/ftplugin.vim
045.345  000.010  000.010: sourcing /usr/local/share/vim/vim82/indent.vim
047.169  000.152  000.152: sourcing /usr/local/share/vim/vim82/syntax/syncolor.vim
048.995  001.149  001.149: sourcing /usr/local/share/vim/vim82/syntax/syncolor.vim
055.195  008.835  008.534: sourcing /Users/xuwei/.vim/bundle/awesome-vim-colorschemes/colors/gruvbox.vim
055.475  050.024  009.053: sourcing $HOME/.vimrc
055.483  000.304: sourcing vimrc file(s)
056.302  000.015  000.015: sourcing /Users/xuwei/.vim/bundle/syntastic/plugin/syntastic/autoloclist.vim
056.367  000.011  000.011: sourcing /Users/xuwei/.vim/bundle/syntastic/plugin/syntastic/balloons.vim
056.431  000.013  000.013: sourcing /Users/xuwei/.vim/bundle/syntastic/plugin/syntastic/checker.vim
056.534  000.011  000.011: sourcing /Users/xuwei/.vim/bundle/syntastic/plugin/syntastic/cursor.vim
056.596  000.011  000.011: sourcing /Users/xuwei/.vim/bundle/syntastic/plugin/syntastic/highlighting.vim
056.658  000.011  000.011: sourcing /Users/xuwei/.vim/bundle/syntastic/plugin/syntastic/loclist.vim
056.719  000.010  000.010: sourcing /Users/xuwei/.vim/bundle/syntastic/plugin/syntastic/modemap.vim
056.783  000.012  000.012: sourcing /Users/xuwei/.vim/bundle/syntastic/plugin/syntastic/notifiers.vim
056.846  000.010  000.010: sourcing /Users/xuwei/.vim/bundle/syntastic/plugin/syntastic/registry.vim
056.908  000.010  000.010: sourcing /Users/xuwei/.vim/bundle/syntastic/plugin/syntastic/signs.vim
057.626  000.480  000.480: sourcing /Users/xuwei/.vim/bundle/syntastic/autoload/syntastic/util.vim
066.470  000.082  000.082: sourcing /Users/xuwei/.vim/bundle/syntastic/plugin/syntastic/autoloclist.vim
066.606  000.077  000.077: sourcing /Users/xuwei/.vim/bundle/syntastic/plugin/syntastic/balloons.vim
066.903  000.240  000.240: sourcing /Users/xuwei/.vim/bundle/syntastic/plugin/syntastic/checker.vim
067.073  000.114  000.114: sourcing /Users/xuwei/.vim/bundle/syntastic/plugin/syntastic/cursor.vim
067.209  000.081  000.081: sourcing /Users/xuwei/.vim/bundle/syntastic/plugin/syntastic/highlighting.vim
067.542  000.280  000.280: sourcing /Users/xuwei/.vim/bundle/syntastic/plugin/syntastic/loclist.vim
067.682  000.085  000.085: sourcing /Users/xuwei/.vim/bundle/syntastic/plugin/syntastic/modemap.vim
067.803  000.070  000.070: sourcing /Users/xuwei/.vim/bundle/syntastic/plugin/syntastic/notifiers.vim
068.195  000.341  000.341: sourcing /Users/xuwei/.vim/bundle/syntastic/plugin/syntastic/registry.vim
068.348  000.098  000.098: sourcing /Users/xuwei/.vim/bundle/syntastic/plugin/syntastic/signs.vim
070.126  013.164  011.216: sourcing /Users/xuwei/.vim/bundle/syntastic/plugin/syntastic.vim
070.333  000.022  000.022: sourcing /Users/xuwei/.vim/bundle/git-blame.vim/plugin/gitblame.vim
071.430  000.924  000.924: sourcing /Users/xuwei/.vim/bundle/supertab/plugin/supertab.vim
071.629  000.032  000.032: sourcing /Users/xuwei/.vim/bundle/FlyGrep.vim/plugin/FlyGrep.vim
072.079  000.076  000.076: sourcing /Users/xuwei/.vim/bundle/ultisnips/autoload/UltiSnips/map_keys.vim
072.184  000.403  000.327: sourcing /Users/xuwei/.vim/bundle/ultisnips/plugin/UltiSnips.vim
072.379  000.035  000.035: sourcing /Users/xuwei/.vim/bundle/vim-snippets/plugin/vimsnippets.vim
072.692  000.164  000.164: sourcing /Users/xuwei/.vim/bundle/ack.vim/plugin/ack.vim
075.412  002.554  002.554: sourcing /Users/xuwei/.vim/bundle/emmet-vim/plugin/emmet.vim
076.726  000.395  000.395: sourcing /Users/xuwei/.vim/bundle/delimitMate/autoload/delimitMate.vim
079.291  003.646  003.251: sourcing /Users/xuwei/.vim/bundle/delimitMate/plugin/delimitMate.vim
084.256  004.736  004.736: sourcing /Users/xuwei/.vim/bundle/nerdcommenter/plugin/NERD_commenter.vim
085.087  000.581  000.581: sourcing /Users/xuwei/.vim/bundle/vim-surround/plugin/surround.vim
085.354  000.083  000.083: sourcing /Users/xuwei/.vim/bundle/vim-trailing-whitespace/plugin/trailing-whitespace.vim
085.732  000.216  000.216: sourcing /Users/xuwei/.vim/bundle/vim-easy-align/plugin/easy_align.vim
092.436  006.535  006.535: sourcing /Users/xuwei/.vim/bundle/vim-easymotion/plugin/EasyMotion.vim
093.386  000.732  000.732: sourcing /Users/xuwei/.vim/bundle/quick-scope/plugin/quick_scope.vim
094.114  000.556  000.556: sourcing /Users/xuwei/.vim/bundle/matchit.zip/plugin/matchit.vim
094.709  000.133  000.133: sourcing /Users/xuwei/.vim/bundle/vim-signature/autoload/signature/utils.vim
095.806  001.524  001.391: sourcing /Users/xuwei/.vim/bundle/vim-signature/plugin/signature.vim
096.123  000.142  000.142: sourcing /Users/xuwei/.vim/bundle/vim-expand-region/plugin/expand_region.vim
096.583  000.293  000.293: sourcing /Users/xuwei/.vim/bundle/vim-multiple-cursors/plugin/multiple_cursors.vim
097.398  000.211  000.211: sourcing /Users/xuwei/.vim/bundle/ctrlp.vim/autoload/ctrlp/mrufiles.vim
097.576  000.831  000.620: sourcing /Users/xuwei/.vim/bundle/ctrlp.vim/plugin/ctrlp.vim
097.830  000.037  000.037: sourcing /Users/xuwei/.vim/bundle/ctrlp-funky/plugin/funky.vim
098.553  000.194  000.194: sourcing /Users/xuwei/.vim/bundle/ctrlsf.vim/autoload/ctrlsf/backend.vim
099.196  001.212  001.018: sourcing /Users/xuwei/.vim/bundle/ctrlsf.vim/plugin/ctrlsf.vim
099.490  000.107  000.107: sourcing /Users/xuwei/.vim/bundle/vim-quickrun/plugin/quickrun.vim
101.272  001.607  001.607: sourcing /Users/xuwei/.vim/bundle/vim-fugitive/plugin/fugitive.vim
102.197  000.163  000.163: sourcing /Users/xuwei/.vim/bundle/vim-gitgutter/autoload/gitgutter/utility.vim
102.953  000.149  000.149: sourcing /Users/xuwei/.vim/bundle/vim-gitgutter/autoload/gitgutter/highlight.vim
103.815  002.372  002.060: sourcing /Users/xuwei/.vim/bundle/vim-gitgutter/plugin/gitgutter.vim
104.014  000.042  000.042: sourcing /Users/xuwei/.vim/bundle/gundo.vim/plugin/gundo.vim
104.774  000.098  000.098: sourcing /Users/xuwei/.vim/bundle/vim-airline/autoload/airline/init.vim
105.389  000.082  000.082: sourcing /Users/xuwei/.vim/bundle/vim-airline/autoload/airline/parts.vim
106.641  000.231  000.231: sourcing /Users/xuwei/.vim/bundle/vim-airline/autoload/airline/util.vim
106.726  002.569  002.158: sourcing /Users/xuwei/.vim/bundle/vim-airline/plugin/airline.vim
106.906  000.029  000.029: sourcing /Users/xuwei/.vim/bundle/vim-airline-themes/plugin/airline-themes.vim
107.104  000.045  000.045: sourcing /Users/xuwei/.vim/bundle/rainbow_parentheses.vim/plugin/rainbow_parentheses.vim
108.246  000.305  000.305: sourcing /Users/xuwei/.vim/bundle/nerdtree/autoload/nerdtree.vim
109.866  000.749  000.749: sourcing /Users/xuwei/.vim/bundle/nerdtree/lib/nerdtree/path.vim
110.414  000.205  000.205: sourcing /Users/xuwei/.vim/bundle/nerdtree/lib/nerdtree/menu_controller.vim
110.874  000.130  000.130: sourcing /Users/xuwei/.vim/bundle/nerdtree/lib/nerdtree/menu_item.vim
111.402  000.159  000.159: sourcing /Users/xuwei/.vim/bundle/nerdtree/lib/nerdtree/key_map.vim
112.097  000.367  000.367: sourcing /Users/xuwei/.vim/bundle/nerdtree/lib/nerdtree/bookmark.vim
112.652  000.216  000.216: sourcing /Users/xuwei/.vim/bundle/nerdtree/lib/nerdtree/tree_file_node.vim
113.325  000.335  000.335: sourcing /Users/xuwei/.vim/bundle/nerdtree/lib/nerdtree/tree_dir_node.vim
113.803  000.152  000.152: sourcing /Users/xuwei/.vim/bundle/nerdtree/lib/nerdtree/opener.vim
114.318  000.189  000.189: sourcing /Users/xuwei/.vim/bundle/nerdtree/lib/nerdtree/creator.vim
114.683  000.037  000.037: sourcing /Users/xuwei/.vim/bundle/nerdtree/lib/nerdtree/flag_set.vim
115.124  000.114  000.114: sourcing /Users/xuwei/.vim/bundle/nerdtree/lib/nerdtree/nerdtree.vim
115.688  000.245  000.245: sourcing /Users/xuwei/.vim/bundle/nerdtree/lib/nerdtree/ui.vim
116.032  000.017  000.017: sourcing /Users/xuwei/.vim/bundle/nerdtree/lib/nerdtree/event.vim
116.392  000.032  000.032: sourcing /Users/xuwei/.vim/bundle/nerdtree/lib/nerdtree/notifier.vim
117.085  000.349  000.349: sourcing /Users/xuwei/.vim/bundle/nerdtree/autoload/nerdtree/ui_glue.vim
119.785  000.076  000.076: sourcing /Users/xuwei/.vim/bundle/nerdtree/nerdtree_plugin/exec_menuitem.vim
120.411  000.557  000.557: sourcing /Users/xuwei/.vim/bundle/nerdtree/nerdtree_plugin/fs_menu.vim
120.526  000.042  000.042: sourcing /Users/xuwei/.vim/bundle/nerdtree/nerdtree_plugin/vcs.vim
121.221  000.538  000.538: sourcing /Users/xuwei/.vim/bundle/vim-nerdtree-tabs/nerdtree_plugin/vim-nerdtree-tabs.vim
121.805  000.424  000.424: sourcing /Users/xuwei/.vim/bundle/nerdtree-git-plugin/nerdtree_plugin/git_status.vim
122.297  015.005  009.767: sourcing /Users/xuwei/.vim/bundle/nerdtree/plugin/NERD_tree.vim
123.977  000.089  000.089: sourcing /Users/xuwei/.vim/bundle/vim-ctrlspace/autoload/ctrlspace/util.vim
132.126  008.877  008.788: sourcing /Users/xuwei/.vim/bundle/vim-ctrlspace/autoload/ctrlspace/context.vim
132.891  000.280  000.280: sourcing /Users/xuwei/.vim/bundle/vim-ctrlspace/autoload/ctrlspace/modes.vim
132.954  010.067  000.910: sourcing /Users/xuwei/.vim/bundle/vim-ctrlspace/autoload/ctrlspace/init.vim
133.718  000.141  000.141: sourcing /Users/xuwei/.vim/bundle/vim-ctrlspace/autoload/ctrlspace/keys.vim
134.392  000.138  000.138: sourcing /Users/xuwei/.vim/bundle/vim-ctrlspace/autoload/ctrlspace/roots.vim
134.992  000.141  000.141: sourcing /Users/xuwei/.vim/bundle/vim-ctrlspace/autoload/ctrlspace/bookmarks.vim
138.033  000.244  000.244: sourcing /Users/xuwei/.vim/bundle/vim-ctrlspace/autoload/ctrlspace/keys/common.vim
139.291  000.341  000.341: sourcing /Users/xuwei/.vim/bundle/vim-ctrlspace/autoload/ctrlspace/help.vim
139.925  000.108  000.108: sourcing /Users/xuwei/.vim/bundle/vim-ctrlspace/autoload/ctrlspace/keys/help.vim
141.271  000.063  000.063: sourcing /Users/xuwei/.vim/bundle/vim-ctrlspace/autoload/ctrlspace/keys/nop.vim
142.519  000.053  000.053: sourcing /Users/xuwei/.vim/bundle/vim-ctrlspace/autoload/ctrlspace/keys/search.vim
143.719  000.218  000.218: sourcing /Users/xuwei/.vim/bundle/vim-ctrlspace/autoload/ctrlspace/keys/buffer.vim
145.641  000.114  000.114: sourcing /Users/xuwei/.vim/bundle/vim-ctrlspace/autoload/ctrlspace/keys/file.vim
147.025  000.099  000.099: sourcing /Users/xuwei/.vim/bundle/vim-ctrlspace/autoload/ctrlspace/keys/tab.vim
147.990  000.086  000.086: sourcing /Users/xuwei/.vim/bundle/vim-ctrlspace/autoload/ctrlspace/keys/workspace.vim
148.701  000.060  000.060: sourcing /Users/xuwei/.vim/bundle/vim-ctrlspace/autoload/ctrlspace/keys/bookmark.vim
149.204  026.726  014.853: sourcing /Users/xuwei/.vim/bundle/vim-ctrlspace/plugin/ctrlspace.vim
150.106  000.730  000.730: sourcing /Users/xuwei/.vim/bundle/tagbar/plugin/tagbar.vim
151.158  000.445  000.445: sourcing /Users/xuwei/.vim/bundle/vim-textobj-user/autoload/textobj/user.vim
152.368  002.048  001.603: sourcing /Users/xuwei/.vim/bundle/vim-textobj-line/plugin/textobj/line.vim
153.774  001.199  001.199: sourcing /Users/xuwei/.vim/bundle/vim-textobj-entire/plugin/textobj/entire.vim
156.139  002.163  002.163: sourcing /Users/xuwei/.vim/bundle/vim-textobj-indent/plugin/textobj/indent.vim
156.335  000.021  000.021: sourcing /Users/xuwei/.vim/bundle/goyo.vim/plugin/goyo.vim
156.537  000.054  000.054: sourcing /Users/xuwei/.vim/bundle/limelight.vim/plugin/limelight.vim
156.816  000.125  000.125: sourcing /Users/xuwei/.vim/bundle/vim-tmux-navigator/plugin/tmux_navigator.vim
175.613  018.587  018.587: sourcing /Users/xuwei/.vim/bundle/vim-isort/plugin/python_vimisort.vim
176.427  000.134  000.134: sourcing /Users/xuwei/.vim/bundle/vim-indent-guides/autoload/indent_guides.vim
176.748  000.933  000.799: sourcing /Users/xuwei/.vim/bundle/vim-indent-guides/plugin/indent_guides.vim
177.374  000.053  000.053: sourcing /usr/local/share/vim/vim82/plugin/getscriptPlugin.vim
177.589  000.154  000.154: sourcing /usr/local/share/vim/vim82/plugin/gzip.vim
177.837  000.186  000.186: sourcing /usr/local/share/vim/vim82/plugin/logiPat.vim
177.926  000.025  000.025: sourcing /usr/local/share/vim/vim82/plugin/manpager.vim
178.126  000.141  000.141: sourcing /usr/local/share/vim/vim82/plugin/matchparen.vim
178.677  000.487  000.487: sourcing /usr/local/share/vim/vim82/plugin/netrwPlugin.vim
178.767  000.011  000.011: sourcing /usr/local/share/vim/vim82/plugin/rrhelper.vim
178.856  000.022  000.022: sourcing /usr/local/share/vim/vim82/plugin/spellfile.vim
179.099  000.122  000.122: sourcing /usr/local/share/vim/vim82/plugin/tarPlugin.vim
179.247  000.080  000.080: sourcing /usr/local/share/vim/vim82/plugin/tohtml.vim
179.451  000.137  000.137: sourcing /usr/local/share/vim/vim82/plugin/vimballPlugin.vim
179.694  000.163  000.163: sourcing /usr/local/share/vim/vim82/plugin/zipPlugin.vim
179.714  009.752: loading plugins
179.787  000.073: loading packages
180.131  000.137  000.137: sourcing /Users/xuwei/.vim/bundle/ultisnips/after/plugin/UltiSnips_after.vim
180.348  000.036  000.036: sourcing /Users/xuwei/.vim/bundle/vim-signature/after/plugin/signature.vim
180.967  000.154  000.154: sourcing /Users/xuwei/.vim/bundle/vim-airline/autoload/airline.vim
180.990  000.490  000.336: sourcing /Users/xuwei/.vim/bundle/ctrlsf.vim/after/plugin/ctrlsf.vim
181.052  000.602: loading after plugins
181.064  000.012: inits 3
182.452  001.388: reading viminfo
182.471  000.019: setting raw mode
182.490  000.019: start termcap
182.523  000.033: clearing screen
185.291  000.169  000.169: sourcing /Users/xuwei/.vim/bundle/syntastic/autoload/syntastic/log.vim
185.966  000.278  000.278: sourcing /Users/xuwei/.vim/bundle/vim-airline/autoload/airline/extensions.vim
186.360  000.051  000.051: sourcing /Users/xuwei/.vim/bundle/vim-airline/autoload/airline/extensions/quickfix.vim
186.756  000.033  000.033: sourcing /Users/xuwei/.vim/bundle/vim-airline/autoload/airline/extensions/netrw.vim
187.509  000.062  000.062: sourcing /Users/xuwei/.vim/bundle/vim-airline/autoload/airline/section.vim
188.088  000.197  000.197: sourcing /Users/xuwei/.vim/bundle/vim-airline/autoload/airline/highlighter.vim
188.237  001.138  000.879: sourcing /Users/xuwei/.vim/bundle/vim-airline/autoload/airline/extensions/term.vim
188.656  000.061  000.061: sourcing /Users/xuwei/.vim/bundle/vim-airline/autoload/airline/extensions/ctrlp.vim
189.038  000.023  000.023: sourcing /Users/xuwei/.vim/bundle/vim-airline/autoload/airline/extensions/ctrlspace.vim
189.469  000.091  000.091: sourcing /Users/xuwei/.vim/bundle/vim-airline/autoload/airline/extensions/hunks.vim
189.876  000.053  000.053: sourcing /Users/xuwei/.vim/bundle/vim-airline/autoload/airline/extensions/tagbar.vim
190.478  000.208  000.208: sourcing /Users/xuwei/.vim/bundle/vim-airline/autoload/airline/extensions/branch.vim
190.917  000.050  000.050: sourcing /Users/xuwei/.vim/bundle/vim-airline/autoload/airline/extensions/fugitiveline.vim
191.349  000.045  000.045: sourcing /Users/xuwei/.vim/bundle/vim-airline/autoload/airline/extensions/syntastic.vim
191.858  000.121  000.121: sourcing /Users/xuwei/.vim/bundle/vim-airline/autoload/airline/extensions/whitespace.vim
192.386  000.089  000.089: sourcing /Users/xuwei/.vim/bundle/vim-airline/autoload/airline/extensions/wordcount.vim
192.806  000.022  000.022: sourcing /Users/xuwei/.vim/bundle/vim-airline/autoload/airline/extensions/keymap.vim
206.293  000.054  000.054: sourcing /Users/xuwei/.vim/bundle/vim-airline/autoload/airline/themes.vim
207.488  001.655  001.601: sourcing /Users/xuwei/.vim/bundle/awesome-vim-colorschemes/autoload/airline/themes/gruvbox.vim
208.700  003.016  001.361: sourcing /Users/xuwei/.vim/bundle/awesome-vim-colorschemes/autoload/airline/themes/gruvbox.vim
226.556  000.157  000.157: sourcing /Users/xuwei/.vim/bundle/vim-airline/autoload/airline/builder.vim
227.204  000.083  000.083: sourcing /Users/xuwei/.vim/bundle/vim-airline/autoload/airline/extensions/default.vim
266.556  078.345: opening buffers
270.651  000.201  000.201: sourcing /Users/xuwei/.vim/bundle/vim-signature/autoload/signature/sign.vim
271.253  000.224  000.224: sourcing /Users/xuwei/.vim/bundle/vim-signature/autoload/signature/mark.vim
274.150  000.119  000.119: sourcing /Users/xuwei/.vim/bundle/vim-gitgutter/autoload/gitgutter.vim
275.388  000.264  000.264: sourcing /Users/xuwei/.vim/bundle/vim-ctrlspace/autoload/ctrlspace/buffers.vim
275.849  000.065  000.065: sourcing /Users/xuwei/.vim/bundle/vim-ctrlspace/autoload/ctrlspace/jumps.vim
275.913  008.484: BufEnter autocommands
275.915  000.002: editing files in windows
276.619  000.181  000.181: sourcing /Users/xuwei/.vim/bundle/rainbow_parentheses.vim/autoload/rainbow_parentheses.vim
277.669  001.573: VimEnter autocommands
277.671  000.002: before starting main loop
284.367  004.506  004.506: sourcing /Users/xuwei/.vim/bundle/vim-fugitive/autoload/fugitive.vim
287.817  002.274  002.274: sourcing /Users/xuwei/.vim/bundle/tagbar/autoload/tagbar.vim
288.454  000.061  000.061: sourcing /Users/xuwei/.vim/bundle/tagbar/autoload/tagbar/debug.vim
317.001  000.382  000.382: sourcing /Users/xuwei/.vim/bundle/tagbar/autoload/tagbar/types/ctags.vim
317.596  000.045  000.045: sourcing /Users/xuwei/.vim/bundle/tagbar/autoload/tagbar/prototypes/typeinfo.vim
328.147  000.496  000.496: sourcing /Users/xuwei/.vim/bundle/vim-gitgutter/autoload/gitgutter/hunk.vim
330.051  044.616: first screen update
330.086  000.035: --- VIM STARTED ---
